<?xml version="1.0" encoding="UTF-8"?>
<testng-results ignored="0" total="2" passed="2" failed="0" skipped="0">
  <reporter-output>
  </reporter-output>
  <suite started-at="2023-04-18T09:14:03Z" name="InetBanking" finished-at="2023-04-18T09:15:19Z" duration-ms="75638">
    <groups>
    </groups>
    <test started-at="2023-04-18T09:14:03Z" name="BankingApp" finished-at="2023-04-18T09:15:19Z" duration-ms="75638">
      <class name="com.inetBanking.testCases.TC_LoginTest_001">
        <test-method is-config="true" signature="setup(java.lang.String)[pri:0, instance:com.inetBanking.testCases.TC_LoginTest_001@233fe9b6]" started-at="2023-04-18T09:14:04Z" name="setup" finished-at="2023-04-18T09:14:17Z" duration-ms="13292" status="PASS">
          <params>
            <param index="0">
              <value>
                <![CDATA[chrome]]>
              </value>
            </param>
          </params>
          <reporter-output>
          </reporter-output>
        </test-method> <!-- setup -->
        <test-method signature="logintest()[pri:0, instance:com.inetBanking.testCases.TC_LoginTest_001@233fe9b6]" started-at="2023-04-18T09:14:17Z" name="logintest" finished-at="2023-04-18T09:14:27Z" duration-ms="9824" status="PASS">
          <reporter-output>
          </reporter-output>
        </test-method> <!-- logintest -->
        <test-method is-config="true" signature="teardown()[pri:0, instance:com.inetBanking.testCases.TC_LoginTest_001@233fe9b6]" started-at="2023-04-18T09:14:27Z" name="teardown" finished-at="2023-04-18T09:14:28Z" duration-ms="1026" status="PASS">
          <reporter-output>
          </reporter-output>
        </test-method> <!-- teardown -->
      </class> <!-- com.inetBanking.testCases.TC_LoginTest_001 -->
      <class name="com.inetBanking.testCases.TC_AddCustomerTester_003">
        <test-method is-config="true" signature="setup(java.lang.String)[pri:0, instance:com.inetBanking.testCases.TC_AddCustomerTester_003@358ee631]" started-at="2023-04-18T09:14:28Z" name="setup" finished-at="2023-04-18T09:14:38Z" duration-ms="9794" status="PASS">
          <params>
            <param index="0">
              <value>
                <![CDATA[chrome]]>
              </value>
            </param>
          </params>
          <reporter-output>
          </reporter-output>
        </test-method> <!-- setup -->
        <test-method signature="addNewCustomer()[pri:0, instance:com.inetBanking.testCases.TC_AddCustomerTester_003@358ee631]" started-at="2023-04-18T09:14:38Z" name="addNewCustomer" finished-at="2023-04-18T09:15:17Z" duration-ms="39842" status="PASS">
          <reporter-output>
          </reporter-output>
        </test-method> <!-- addNewCustomer -->
        <test-method is-config="true" signature="teardown()[pri:0, instance:com.inetBanking.testCases.TC_AddCustomerTester_003@358ee631]" started-at="2023-04-18T09:15:18Z" name="teardown" finished-at="2023-04-18T09:15:19Z" duration-ms="1160" status="PASS">
          <reporter-output>
          </reporter-output>
        </test-method> <!-- teardown -->
      </class> <!-- com.inetBanking.testCases.TC_AddCustomerTester_003 -->
    </test> <!-- BankingApp -->
  </suite> <!-- InetBanking -->
</testng-results>
